[2025-11-06T21:43:01.684+0000] {taskinstance.py:1979} INFO - Dependencies all met for dep_context=non-requeueable deps ti=<TaskInstance: pipeline.load_csv_to_pg manual__2025-11-06T21:42:55.645873+00:00 [queued]>
[2025-11-06T21:43:01.711+0000] {taskinstance.py:1979} INFO - Dependencies all met for dep_context=requeueable deps ti=<TaskInstance: pipeline.load_csv_to_pg manual__2025-11-06T21:42:55.645873+00:00 [queued]>
[2025-11-06T21:43:01.713+0000] {taskinstance.py:2193} INFO - Starting attempt 1 of 1
[2025-11-06T21:43:01.745+0000] {taskinstance.py:2217} INFO - Executing <Task(_PythonDecoratedOperator): load_csv_to_pg> on 2025-11-06 21:42:55.645873+00:00
[2025-11-06T21:43:01.756+0000] {standard_task_runner.py:60} INFO - Started process 26173 to run task
[2025-11-06T21:43:01.764+0000] {standard_task_runner.py:87} INFO - Running: ['***', 'tasks', 'run', 'pipeline', 'load_csv_to_pg', 'manual__2025-11-06T21:42:55.645873+00:00', '--job-id', '17', '--raw', '--subdir', 'DAGS_FOLDER/script.py', '--cfg-path', '/tmp/tmp2qkuk5ri']
[2025-11-06T21:43:01.767+0000] {standard_task_runner.py:88} INFO - Job 17: Subtask load_csv_to_pg
[2025-11-06T21:43:01.924+0000] {task_command.py:423} INFO - Running <TaskInstance: pipeline.load_csv_to_pg manual__2025-11-06T21:42:55.645873+00:00 [running]> on host 62f94235b2dc
[2025-11-06T21:43:02.143+0000] {taskinstance.py:2513} INFO - Exporting env vars: AIRFLOW_CTX_DAG_OWNER='***' AIRFLOW_CTX_DAG_ID='pipeline' AIRFLOW_CTX_TASK_ID='load_csv_to_pg' AIRFLOW_CTX_EXECUTION_DATE='2025-11-06T21:42:55.645873+00:00' AIRFLOW_CTX_TRY_NUMBER='1' AIRFLOW_CTX_DAG_RUN_ID='manual__2025-11-06T21:42:55.645873+00:00'
[2025-11-06T21:43:02.172+0000] {base.py:83} INFO - Using connection ID 'Postgres' for task execution.
[2025-11-06T21:43:02.257+0000] {taskinstance.py:2731} ERROR - Task failed with exception
Traceback (most recent call last):
  File "/home/airflow/.local/lib/python3.8/site-packages/airflow/models/taskinstance.py", line 444, in _execute_task
    result = _execute_callable(context=context, **execute_callable_kwargs)
  File "/home/airflow/.local/lib/python3.8/site-packages/airflow/models/taskinstance.py", line 414, in _execute_callable
    return execute_callable(context=context, **execute_callable_kwargs)
  File "/home/airflow/.local/lib/python3.8/site-packages/airflow/decorators/base.py", line 241, in execute
    return_value = super().execute(context)
  File "/home/airflow/.local/lib/python3.8/site-packages/airflow/operators/python.py", line 200, in execute
    return_value = self.execute_callable()
  File "/home/airflow/.local/lib/python3.8/site-packages/airflow/operators/python.py", line 217, in execute_callable
    return self.python_callable(*self.op_args, **self.op_kwargs)
  File "/opt/airflow/dags/script.py", line 152, in load_csv_to_pg
    conn = hook.get_conn()
  File "/home/airflow/.local/lib/python3.8/site-packages/airflow/providers/postgres/hooks/postgres.py", line 161, in get_conn
    self.conn = psycopg2.connect(**conn_args)
  File "/home/airflow/.local/lib/python3.8/site-packages/psycopg2/__init__.py", line 122, in connect
    conn = _connect(dsn, connection_factory=connection_factory, **kwasync)
psycopg2.OperationalError: connection to server at "host.docker.internal" (192.168.65.254), port 5423 failed: Connection refused
	Is the server running on that host and accepting TCP/IP connections?

[2025-11-06T21:43:02.274+0000] {taskinstance.py:1149} INFO - Marking task as FAILED. dag_id=pipeline, task_id=load_csv_to_pg, execution_date=20251106T214255, start_date=20251106T214301, end_date=20251106T214302
[2025-11-06T21:43:02.291+0000] {standard_task_runner.py:107} ERROR - Failed to execute job 17 for task load_csv_to_pg (connection to server at "host.docker.internal" (192.168.65.254), port 5423 failed: Connection refused
	Is the server running on that host and accepting TCP/IP connections?
; 26173)
[2025-11-06T21:43:02.340+0000] {local_task_job_runner.py:234} INFO - Task exited with return code 1
[2025-11-06T21:43:02.396+0000] {taskinstance.py:3312} INFO - 0 downstream tasks scheduled from follow-on schedule check
